12:55:21 | DatabaseManager | INFO | 🚀 PASO 2: Inicialización de base de datos - INICIADO
12:55:21 | DatabaseManager | INFO | ✅ PASO 2: Inicialización de base de datos - COMPLETADO
12:55:21 | OneDriveClient | WARNING | ⚠️ OneDrive no está configurado completamente
12:55:21 | PIX_RPA_MAIN | INFO | 🔍 Validando entorno PIX RPA...
12:55:21 | PIX_RPA_MAIN | INFO |   ✓ Directorio verificado: data/
12:55:21 | PIX_RPA_MAIN | INFO |   ✓ Directorio verificado: reports/
12:55:21 | PIX_RPA_MAIN | INFO |   ✓ Directorio verificado: logs/
12:55:21 | PIX_RPA_MAIN | INFO |   ✓ Directorio verificado: evidencias/
12:55:21 | PIX_RPA_MAIN | INFO |   ✓ Directorio verificado: config/
12:55:21 | PIX_RPA_MAIN | INFO |   ✓ Dependencias críticas verificadas
12:55:21 | PIX_RPA_MAIN | INFO | 🚀 PASO 1: Consumo de API pública
12:55:21 | APIConsumer | INFO | 🚀 PASO 1: Consumo de API - INICIADO
12:55:21 | APIConsumer | INFO | Consultando API: https://fakestoreapi.com/products
12:55:22 | APIConsumer | INFO | API CALL SUCCESS: GET https://fakestoreapi.com/products | url=https://fakestoreapi.com/products | method=GET | status_code=200 | response_time_ms=1050.89
12:55:22 | APIConsumer | INFO | ✅ API respondió con 20 productos
12:55:22 | APIConsumer | INFO | FILE OPERATION SUCCESS: JSON_BACKUP | operation=JSON_BACKUP | filepath=c:\Users\User\Downloads\PRUEBA-RPA-main\PRUEBA-RPA-main\data\raw\Productos_2025-09-08.json | file_size_bytes=12889 | success=True
12:55:22 | APIConsumer | INFO | Procesados 20 de 20 productos
12:55:22 | APIConsumer | INFO | ✅ PASO 1: Consumo de API - COMPLETADO | productos_obtenidos=20 | archivo_json=c:\Users\User\Downloads\PRUEBA-RPA-main\PRUEBA-RPA-main\data\raw\Productos_2025-09-08.json
12:55:22 | PIX_RPA_MAIN | INFO | 🚀 PASO 2: Almacenamiento en base de datos
12:55:22 | DatabaseManager | INFO | 🚀 PASO 3: Inserción en base de datos - INICIADO
12:55:22 | DatabaseManager | INFO | DB OPERATION: INSERT_PRODUCTS | operation=INSERT_PRODUCTS | table=Productos | records_affected=0 | execution_time_ms=None
12:55:22 | DatabaseManager | INFO | ✅ PASO 3: Inserción en base de datos - COMPLETADO | productos_insertados=0
12:55:22 | PIX_RPA_MAIN | INFO | Productos insertados en BD: 0
12:55:22 | PIX_RPA_MAIN | INFO | 🚀 PASO 3: Generación de reporte Excel
12:55:22 | DatabaseManager | INFO | Obtenidos 20 productos de la base de datos
12:55:22 | DatabaseManager | INFO | Estadísticas generadas: 20 productos
12:55:22 | ExcelGenerator | INFO | 🚀 PASO 4: Generación de reporte Excel - INICIADO
12:55:22 | ExcelGenerator | INFO | FILE OPERATION SUCCESS: EXCEL_GENERATION | operation=EXCEL_GENERATION | filepath=c:\Users\User\Downloads\PRUEBA-RPA-main\PRUEBA-RPA-main\reports\Reporte_2025-09-08.xlsx | file_size_bytes=10408 | success=True
12:55:22 | ExcelGenerator | INFO | ✅ PASO 4: Generación de reporte Excel - COMPLETADO | archivo=c:\Users\User\Downloads\PRUEBA-RPA-main\PRUEBA-RPA-main\reports\Reporte_2025-09-08.xlsx | productos=20
12:55:22 | PIX_RPA_MAIN | INFO | 🚀 PASO 4: Subida a OneDrive
12:55:22 | PIX_RPA_MAIN | WARNING | ⚠️ OneDrive no configurado o fallo de autenticación, se omite
12:55:22 | PIX_RPA_MAIN | INFO | 🚀 PASO 5: Automatización web (formulario)
12:55:22 | PIX_RPA_MAIN | WARNING | ⚠️ Formulario no configurado, se omite
12:55:22 | PIX_RPA_MAIN | INFO | 🚀 PASO 6: Registro de evidencias
12:55:22 | PIX_RPA_MAIN | INFO | ℹ️ Módulo de evidencias no configurado. Revisa logs y archivos generados.
12:55:22 | PIX_RPA_MAIN | INFO | ================================================================================
12:55:22 | PIX_RPA_MAIN | INFO | PROCESO PIX RPA FINALIZADO
12:55:22 | PIX_RPA_MAIN | INFO | Tiempo total: 1.11 seg
12:55:22 | PIX_RPA_MAIN | INFO | Productos procesados: 20
12:55:22 | PIX_RPA_MAIN | INFO | Archivos generados: ['c:\\Users\\User\\Downloads\\PRUEBA-RPA-main\\PRUEBA-RPA-main\\data\\raw\\Productos_2025-09-08.json', 'c:\\Users\\User\\Downloads\\PRUEBA-RPA-main\\PRUEBA-RPA-main\\reports\\Reporte_2025-09-08.xlsx']
12:55:22 | PIX_RPA_MAIN | INFO | ================================================================================
