11:19:29 | PIX_RPA_MAIN | INFO | 🚀 Inicializando PIX RPA Process
11:19:29 | PIX_RPA_MAIN | INFO | ✓ Gestores principales inicializados
11:19:29 | PIX_RPA_MAIN | INFO | ✓ Gestores opcionales inicializados
11:19:29 | PIX_RPA_MAIN | INFO | 🚀 Iniciando proceso PIX RPA
11:19:29 | PIX_RPA_MAIN | INFO | 🔍 Validando entorno PIX RPA...
11:19:29 | PIX_RPA_MAIN | INFO |   ✓ Directorio verificado: data/
11:19:29 | PIX_RPA_MAIN | INFO |   ✓ Directorio verificado: reports/
11:19:29 | PIX_RPA_MAIN | INFO |   ✓ Directorio verificado: logs/
11:19:29 | PIX_RPA_MAIN | INFO |   ✓ Directorio verificado: evidencias/
11:19:29 | PIX_RPA_MAIN | INFO |   ✓ Directorio verificado: config/
11:19:29 | PIX_RPA_MAIN | INFO |   ✓ Dependencias críticas verificadas
11:19:29 | PIX_RPA_MAIN | INFO | ✅ Validación de entorno completada
11:19:29 | PIX_RPA_MAIN | INFO | 🚀 PASO 1: Consumo de API pública
11:19:29 | PIX_RPA_MAIN | INFO | ✅ Productos obtenidos: 20
11:19:29 | PIX_RPA_MAIN | INFO | ☁️ Subida de JSON a OneDrive deshabilitada o no configurada.
11:19:29 | PIX_RPA_MAIN | INFO | 🚀 PASO 2: Almacenamiento en base de datos
11:19:29 | PIX_RPA_MAIN | INFO | ✅ Productos insertados en BD: 0
11:19:29 | PIX_RPA_MAIN | INFO | 🚀 PASO 3: Generación de reporte Excel
11:19:29 | PIX_RPA_MAIN | INFO | ✅ Reporte Excel generado: /home/camper/Descargas/-prueba-t-cnica-RPA--master/PRUEBA-RPA-main/reports/Reporte_2025-09-10.xlsx
11:19:29 | PIX_RPA_MAIN | INFO | 🚀 PASO 4: Subida a OneDrive
11:19:29 | PIX_RPA_MAIN | INFO | ☁️ OneDrive deshabilitado por configuración
11:19:29 | PIX_RPA_MAIN | INFO | 🚀 PASO 5: Automatización web (formulario)
11:19:29 | WDM | INFO | ====== WebDriver manager ======
11:19:29 | WDM | INFO | Get LATEST chromedriver version for google-chrome
11:19:29 | WDM | INFO | Get LATEST chromedriver version for google-chrome
11:19:29 | WDM | INFO | Driver [/home/camper/.wdm/drivers/chromedriver/linux64/134.0.6998.165/chromedriver-linux64/THIRD_PARTY_NOTICES.chromedriver] found in cache
11:20:24 | urllib3.connectionpool | WARNING | Retrying (Retry(total=2, connect=None, read=None, redirect=None, status=None)) after connection broken by 'NewConnectionError('<urllib3.connection.HTTPConnection object at 0x710fb1de5c30>: Failed to establish a new connection: [Errno 111] Connection refused')': /session/4bdd08cc97375c49cdeee2784246d036/elements
11:20:24 | urllib3.connectionpool | WARNING | Retrying (Retry(total=1, connect=None, read=None, redirect=None, status=None)) after connection broken by 'NewConnectionError('<urllib3.connection.HTTPConnection object at 0x710fb1de6d40>: Failed to establish a new connection: [Errno 111] Connection refused')': /session/4bdd08cc97375c49cdeee2784246d036/elements
11:20:24 | urllib3.connectionpool | WARNING | Retrying (Retry(total=0, connect=None, read=None, redirect=None, status=None)) after connection broken by 'NewConnectionError('<urllib3.connection.HTTPConnection object at 0x710fb1de5ea0>: Failed to establish a new connection: [Errno 111] Connection refused')': /session/4bdd08cc97375c49cdeee2784246d036/elements
11:20:24 | urllib3.connectionpool | WARNING | Retrying (Retry(total=2, connect=None, read=None, redirect=None, status=None)) after connection broken by 'NewConnectionError('<urllib3.connection.HTTPConnection object at 0x710fb1de6230>: Failed to establish a new connection: [Errno 111] Connection refused')': /session/4bdd08cc97375c49cdeee2784246d036/elements
11:20:24 | urllib3.connectionpool | WARNING | Retrying (Retry(total=1, connect=None, read=None, redirect=None, status=None)) after connection broken by 'NewConnectionError('<urllib3.connection.HTTPConnection object at 0x710fb1de63e0>: Failed to establish a new connection: [Errno 111] Connection refused')': /session/4bdd08cc97375c49cdeee2784246d036/elements
11:20:24 | urllib3.connectionpool | WARNING | Retrying (Retry(total=0, connect=None, read=None, redirect=None, status=None)) after connection broken by 'NewConnectionError('<urllib3.connection.HTTPConnection object at 0x710fb1de65c0>: Failed to establish a new connection: [Errno 111] Connection refused')': /session/4bdd08cc97375c49cdeee2784246d036/elements
11:20:24 | urllib3.connectionpool | WARNING | Retrying (Retry(total=2, connect=None, read=None, redirect=None, status=None)) after connection broken by 'NewConnectionError('<urllib3.connection.HTTPConnection object at 0x710fb1de6a40>: Failed to establish a new connection: [Errno 111] Connection refused')': /session/4bdd08cc97375c49cdeee2784246d036/elements
11:20:24 | urllib3.connectionpool | WARNING | Retrying (Retry(total=1, connect=None, read=None, redirect=None, status=None)) after connection broken by 'NewConnectionError('<urllib3.connection.HTTPConnection object at 0x710fb1de6560>: Failed to establish a new connection: [Errno 111] Connection refused')': /session/4bdd08cc97375c49cdeee2784246d036/elements
11:20:24 | urllib3.connectionpool | WARNING | Retrying (Retry(total=0, connect=None, read=None, redirect=None, status=None)) after connection broken by 'NewConnectionError('<urllib3.connection.HTTPConnection object at 0x710fb1de6950>: Failed to establish a new connection: [Errno 111] Connection refused')': /session/4bdd08cc97375c49cdeee2784246d036/elements
11:20:24 | urllib3.connectionpool | WARNING | Retrying (Retry(total=2, connect=None, read=None, redirect=None, status=None)) after connection broken by 'NewConnectionError('<urllib3.connection.HTTPConnection object at 0x710fb1de62f0>: Failed to establish a new connection: [Errno 111] Connection refused')': /session/4bdd08cc97375c49cdeee2784246d036/elements
11:20:24 | urllib3.connectionpool | WARNING | Retrying (Retry(total=1, connect=None, read=None, redirect=None, status=None)) after connection broken by 'NewConnectionError('<urllib3.connection.HTTPConnection object at 0x710fb1de5e40>: Failed to establish a new connection: [Errno 111] Connection refused')': /session/4bdd08cc97375c49cdeee2784246d036/elements
11:20:24 | urllib3.connectionpool | WARNING | Retrying (Retry(total=0, connect=None, read=None, redirect=None, status=None)) after connection broken by 'NewConnectionError('<urllib3.connection.HTTPConnection object at 0x710fb1de60e0>: Failed to establish a new connection: [Errno 111] Connection refused')': /session/4bdd08cc97375c49cdeee2784246d036/elements
11:20:24 | urllib3.connectionpool | WARNING | Retrying (Retry(total=2, connect=None, read=None, redirect=None, status=None)) after connection broken by 'NewConnectionError('<urllib3.connection.HTTPConnection object at 0x710fb1de56f0>: Failed to establish a new connection: [Errno 111] Connection refused')': /session/4bdd08cc97375c49cdeee2784246d036/elements
11:20:24 | urllib3.connectionpool | WARNING | Retrying (Retry(total=1, connect=None, read=None, redirect=None, status=None)) after connection broken by 'NewConnectionError('<urllib3.connection.HTTPConnection object at 0x710fb1de5d20>: Failed to establish a new connection: [Errno 111] Connection refused')': /session/4bdd08cc97375c49cdeee2784246d036/elements
11:20:24 | urllib3.connectionpool | WARNING | Retrying (Retry(total=0, connect=None, read=None, redirect=None, status=None)) after connection broken by 'NewConnectionError('<urllib3.connection.HTTPConnection object at 0x710fb1de6c50>: Failed to establish a new connection: [Errno 111] Connection refused')': /session/4bdd08cc97375c49cdeee2784246d036/elements
11:20:24 | urllib3.connectionpool | WARNING | Retrying (Retry(total=2, connect=None, read=None, redirect=None, status=None)) after connection broken by 'NewConnectionError('<urllib3.connection.HTTPConnection object at 0x710fb1de7160>: Failed to establish a new connection: [Errno 111] Connection refused')': /session/4bdd08cc97375c49cdeee2784246d036/element
11:20:24 | urllib3.connectionpool | WARNING | Retrying (Retry(total=1, connect=None, read=None, redirect=None, status=None)) after connection broken by 'NewConnectionError('<urllib3.connection.HTTPConnection object at 0x710fb1de7370>: Failed to establish a new connection: [Errno 111] Connection refused')': /session/4bdd08cc97375c49cdeee2784246d036/element
11:20:24 | urllib3.connectionpool | WARNING | Retrying (Retry(total=0, connect=None, read=None, redirect=None, status=None)) after connection broken by 'NewConnectionError('<urllib3.connection.HTTPConnection object at 0x710fb1de7580>: Failed to establish a new connection: [Errno 111] Connection refused')': /session/4bdd08cc97375c49cdeee2784246d036/element
11:20:24 | urllib3.connectionpool | WARNING | Retrying (Retry(total=2, connect=None, read=None, redirect=None, status=None)) after connection broken by 'NewConnectionError('<urllib3.connection.HTTPConnection object at 0x710fb1de7a00>: Failed to establish a new connection: [Errno 111] Connection refused')': /session/4bdd08cc97375c49cdeee2784246d036/element
11:20:24 | urllib3.connectionpool | WARNING | Retrying (Retry(total=1, connect=None, read=None, redirect=None, status=None)) after connection broken by 'NewConnectionError('<urllib3.connection.HTTPConnection object at 0x710fb1de7520>: Failed to establish a new connection: [Errno 111] Connection refused')': /session/4bdd08cc97375c49cdeee2784246d036/element
11:20:24 | urllib3.connectionpool | WARNING | Retrying (Retry(total=0, connect=None, read=None, redirect=None, status=None)) after connection broken by 'NewConnectionError('<urllib3.connection.HTTPConnection object at 0x710fb1de7910>: Failed to establish a new connection: [Errno 111] Connection refused')': /session/4bdd08cc97375c49cdeee2784246d036/element
11:20:24 | urllib3.connectionpool | WARNING | Retrying (Retry(total=2, connect=None, read=None, redirect=None, status=None)) after connection broken by 'NewConnectionError('<urllib3.connection.HTTPConnection object at 0x710fb1de7220>: Failed to establish a new connection: [Errno 111] Connection refused')': /session/4bdd08cc97375c49cdeee2784246d036/element
11:20:24 | urllib3.connectionpool | WARNING | Retrying (Retry(total=1, connect=None, read=None, redirect=None, status=None)) after connection broken by 'NewConnectionError('<urllib3.connection.HTTPConnection object at 0x710fb1de6bf0>: Failed to establish a new connection: [Errno 111] Connection refused')': /session/4bdd08cc97375c49cdeee2784246d036/element
11:20:24 | urllib3.connectionpool | WARNING | Retrying (Retry(total=0, connect=None, read=None, redirect=None, status=None)) after connection broken by 'NewConnectionError('<urllib3.connection.HTTPConnection object at 0x710fb1de7040>: Failed to establish a new connection: [Errno 111] Connection refused')': /session/4bdd08cc97375c49cdeee2784246d036/element
11:20:24 | urllib3.connectionpool | WARNING | Retrying (Retry(total=2, connect=None, read=None, redirect=None, status=None)) after connection broken by 'NewConnectionError('<urllib3.connection.HTTPConnection object at 0x710fb1de5900>: Failed to establish a new connection: [Errno 111] Connection refused')': /session/4bdd08cc97375c49cdeee2784246d036/element
11:20:24 | urllib3.connectionpool | WARNING | Retrying (Retry(total=1, connect=None, read=None, redirect=None, status=None)) after connection broken by 'NewConnectionError('<urllib3.connection.HTTPConnection object at 0x710fb1de60b0>: Failed to establish a new connection: [Errno 111] Connection refused')': /session/4bdd08cc97375c49cdeee2784246d036/element
11:20:24 | urllib3.connectionpool | WARNING | Retrying (Retry(total=0, connect=None, read=None, redirect=None, status=None)) after connection broken by 'NewConnectionError('<urllib3.connection.HTTPConnection object at 0x710fb1de5d80>: Failed to establish a new connection: [Errno 111] Connection refused')': /session/4bdd08cc97375c49cdeee2784246d036/element
11:20:24 | urllib3.connectionpool | WARNING | Retrying (Retry(total=2, connect=None, read=None, redirect=None, status=None)) after connection broken by 'NewConnectionError('<urllib3.connection.HTTPConnection object at 0x710fb1de61d0>: Failed to establish a new connection: [Errno 111] Connection refused')': /session/4bdd08cc97375c49cdeee2784246d036/screenshot
11:20:24 | urllib3.connectionpool | WARNING | Retrying (Retry(total=1, connect=None, read=None, redirect=None, status=None)) after connection broken by 'NewConnectionError('<urllib3.connection.HTTPConnection object at 0x710fb1de6260>: Failed to establish a new connection: [Errno 111] Connection refused')': /session/4bdd08cc97375c49cdeee2784246d036/screenshot
11:20:24 | urllib3.connectionpool | WARNING | Retrying (Retry(total=0, connect=None, read=None, redirect=None, status=None)) after connection broken by 'NewConnectionError('<urllib3.connection.HTTPConnection object at 0x710fb1de6a70>: Failed to establish a new connection: [Errno 111] Connection refused')': /session/4bdd08cc97375c49cdeee2784246d036/screenshot
11:20:24 | urllib3.connectionpool | WARNING | Retrying (Retry(total=2, connect=None, read=None, redirect=None, status=None)) after connection broken by 'NewConnectionError('<urllib3.connection.HTTPConnection object at 0x710fb1de5510>: Failed to establish a new connection: [Errno 111] Connection refused')': /session/4bdd08cc97375c49cdeee2784246d036
11:20:24 | urllib3.connectionpool | WARNING | Retrying (Retry(total=1, connect=None, read=None, redirect=None, status=None)) after connection broken by 'NewConnectionError('<urllib3.connection.HTTPConnection object at 0x710fb1de66b0>: Failed to establish a new connection: [Errno 111] Connection refused')': /session/4bdd08cc97375c49cdeee2784246d036
11:20:24 | urllib3.connectionpool | WARNING | Retrying (Retry(total=0, connect=None, read=None, redirect=None, status=None)) after connection broken by 'NewConnectionError('<urllib3.connection.HTTPConnection object at 0x710fb1de64d0>: Failed to establish a new connection: [Errno 111] Connection refused')': /session/4bdd08cc97375c49cdeee2784246d036
11:20:24 | PIX_RPA_MAIN | WARNING | ⚠️ No se pudo enviar el formulario web
11:20:24 | PIX_RPA_MAIN | INFO | 🚀 PASO 6: Registro de evidencias
11:20:24 | PIX_RPA_MAIN | INFO | ✅ Evidencias registradas en: /home/camper/Descargas/-prueba-t-cnica-RPA--master/PRUEBA-RPA-main/evidencias/evidencia_2025-09-10_11-20-24.json
11:20:24 | PIX_RPA_MAIN | INFO | ================================================================================
11:20:24 | PIX_RPA_MAIN | INFO | 🎉 PROCESO PIX RPA FINALIZADO
11:20:24 | PIX_RPA_MAIN | INFO | ⏱️  Tiempo total: 55.40 segundos
11:20:24 | PIX_RPA_MAIN | INFO | 📊 Productos procesados: 20
11:20:24 | PIX_RPA_MAIN | INFO | 📁 Archivos generados: 2
11:20:24 | PIX_RPA_MAIN | INFO | ✅ Pasos completados: 4/6
11:20:24 | PIX_RPA_MAIN | INFO | 📂 Archivos creados:
11:20:24 | PIX_RPA_MAIN | INFO |    • /home/camper/Descargas/-prueba-t-cnica-RPA--master/PRUEBA-RPA-main/data/raw/Productos_2025-09-10.json
11:20:24 | PIX_RPA_MAIN | INFO |    • /home/camper/Descargas/-prueba-t-cnica-RPA--master/PRUEBA-RPA-main/reports/Reporte_2025-09-10.xlsx
11:20:24 | PIX_RPA_MAIN | INFO | ================================================================================
