22:02:27 | PIX_RPA_MAIN | INFO | 🔍 Validando entorno PIX RPA...
22:02:27 | PIX_RPA_MAIN | INFO |   ✓ Directorio verificado: data/
22:02:27 | PIX_RPA_MAIN | INFO |   ✓ Directorio verificado: reports/
22:02:27 | PIX_RPA_MAIN | INFO |   ✓ Directorio verificado: logs/
22:02:27 | PIX_RPA_MAIN | INFO |   ✓ Directorio verificado: evidencias/
22:02:27 | PIX_RPA_MAIN | INFO |   ✓ Directorio verificado: config/
22:02:27 | PIX_RPA_MAIN | INFO |   ✓ Dependencias críticas verificadas
22:02:27 | PIX_RPA_MAIN | INFO | 🚀 PASO 1: Consumo de API pública
22:02:27 | PIX_RPA_MAIN | INFO | 🚀 PASO 2: Almacenamiento en base de datos
22:02:27 | PIX_RPA_MAIN | INFO | Productos insertados en BD: 0
22:02:27 | PIX_RPA_MAIN | INFO | 🚀 PASO 3: Generación de reporte Excel
22:02:27 | PIX_RPA_MAIN | INFO | 🚀 PASO 4: Subida a OneDrive
22:02:27 | PIX_RPA_MAIN | WARNING | ⚠️ OneDrive no configurado o fallo de autenticación, se omite
22:02:27 | PIX_RPA_MAIN | INFO | 🚀 PASO 5: Automatización web (formulario)
22:02:27 | PIX_RPA_MAIN | INFO | Usando WebFormManager basado en .env para envío de formulario
22:02:27 | WDM | INFO | ====== WebDriver manager ======
22:02:28 | WDM | INFO | Get LATEST chromedriver version for google-chrome
22:02:29 | WDM | INFO | Get LATEST chromedriver version for google-chrome
22:02:29 | WDM | INFO | Driver [C:\Users\User\.wdm\drivers\chromedriver\win64\139.0.7258.154\chromedriver-win32/chromedriver.exe] found in cache
22:02:30 | WebFormManager | INFO | ✅ ChromeDriver configurado correctamente
22:02:36 | WebFormManager | ERROR | ❌ Error navegando al formulario: Message: unknown error: net::ERR_CONNECTION_REFUSED
  (Session info: chrome=139.0.7258.140)
Stacktrace:
	GetHandleVerifier [0x0xe4a8a3+63283]
	GetHandleVerifier [0x0xe4a8e4+63348]
	(No symbol) [0x0xc83e43]
	(No symbol) [0x0xc8156b]
	(No symbol) [0x0xc74d32]
	(No symbol) [0x0xc76768]
	(No symbol) [0x0xc74fc8]
	(No symbol) [0x0xc74b03]
	(No symbol) [0x0xc74811]
	(No symbol) [0x0xc727b4]
	(No symbol) [0x0xc7315b]
	(No symbol) [0x0xc8785e]
	(No symbol) [0x0xd132e7]
	(No symbol) [0x0xcf141c]
	(No symbol) [0x0xd1271a]
	(No symbol) [0x0xcf1216]
	(No symbol) [0x0xcc0855]
	(No symbol) [0x0xcc16f4]
	GetHandleVerifier [0x0x10bbb43+2623955]
	GetHandleVerifier [0x0x10b6daa+2604090]
	GetHandleVerifier [0x0xe7069a+218410]
	GetHandleVerifier [0x0xe60ed8+154984]
	GetHandleVerifier [0x0xe6742d+180925]
	GetHandleVerifier [0x0xe522b8+94536]
	GetHandleVerifier [0x0xe52442+94930]
	GetHandleVerifier [0x0xe3d5ea+9338]
	BaseThreadInitThunk [0x0x75bd7ba9+25]
	RtlInitializeExceptionChain [0x0x7703c3ab+107]
	RtlClearBits [0x0x7703c32f+191]

22:02:38 | WebFormManager | INFO | 🔒 Navegador cerrado
22:02:38 | PIX_RPA_MAIN | WARNING | Formulario web (env) no pudo enviarse
22:02:38 | PIX_RPA_MAIN | INFO | 🚀 PASO 6: Registro de evidencias
22:02:38 | PIX_RPA_MAIN | INFO | ✅ Evidencias registradas en: c:\Users\User\Downloads\PRUEBA-RPA-main\PRUEBA-RPA-main\evidencias\evidencia_2025-09-08_22-02-38.json
22:02:38 | PIX_RPA_MAIN | INFO | ================================================================================
22:02:38 | PIX_RPA_MAIN | INFO | PROCESO PIX RPA FINALIZADO
22:02:38 | PIX_RPA_MAIN | INFO | Tiempo total: 11.18 seg
22:02:38 | PIX_RPA_MAIN | INFO | Productos procesados: 20
22:02:38 | PIX_RPA_MAIN | INFO | Archivos generados: ['c:\\Users\\User\\Downloads\\PRUEBA-RPA-main\\PRUEBA-RPA-main\\data\\raw\\Productos_2025-09-08.json', 'c:\\Users\\User\\Downloads\\PRUEBA-RPA-main\\PRUEBA-RPA-main\\reports\\Reporte_2025-09-08.xlsx']
22:02:38 | PIX_RPA_MAIN | INFO | ================================================================================
