2025-09-10 10:56:11 | APIConsumer | INFO | ✅ API está disponible
2025-09-10 10:56:11 | APIConsumer | INFO | API CALL SUCCESS: GET https://fakestoreapi.com/products/categories | url=https://fakestoreapi.com/products/categories | method=GET | status_code=200 | response_time_ms=None
2025-09-10 10:56:11 | APIConsumer | INFO | Obtenidas 4 categorías
2025-09-10 10:56:11 | DatabaseManager | INFO | ✅ Conexión a BD establecida | db_path=/home/camper/Descargas/-prueba-t-cnica-RPA--master/PRUEBA-RPA-main/data/database/productos.db
2025-09-10 10:56:11 | DatabaseManager | INFO | 🗄️  Tabla 'Productos' verificada/creada con índices optimizados
2025-09-10 11:00:55 | WebAutomator | INFO | Configurando WebDriver...
2025-09-10 11:00:57 | WebAutomator | INFO | ✅ WebDriver configurado exitosamente
2025-09-10 11:00:57 | WebTest | INFO | ✅ Test configuración WebDriver exitoso
2025-09-10 11:01:16 | DatabaseManager | INFO | ✅ Conexión a BD establecida | db_path=/home/camper/Descargas/-prueba-t-cnica-RPA--master/PRUEBA-RPA-main/data/database/productos.db
2025-09-10 11:01:16 | DatabaseManager | INFO | 🗄️  Tabla 'Productos' verificada/creada con índices optimizados
2025-09-10 11:01:16 | OneDriveClient | WARNING | ⚠️ OneDrive no está configurado completamente
2025-09-10 11:02:33 | DatabaseManager | INFO | ✅ Conexión a BD establecida | db_path=/home/camper/Descargas/-prueba-t-cnica-RPA--master/PRUEBA-RPA-main/data/database/productos.db
2025-09-10 11:02:33 | DatabaseManager | INFO | 🗄️  Tabla 'Productos' verificada/creada con índices optimizados
2025-09-10 11:02:33 | OneDriveClient | WARNING | ⚠️ OneDrive no está configurado completamente
2025-09-10 11:09:44 | DatabaseManager | INFO | ✅ Conexión a BD establecida | db_path=/home/camper/Descargas/-prueba-t-cnica-RPA--master/PRUEBA-RPA-main/data/database/productos.db
2025-09-10 11:09:44 | DatabaseManager | INFO | 🗄️  Tabla 'Productos' verificada/creada con índices optimizados
2025-09-10 11:09:44 | OneDriveClient | WARNING | ⚠️ OneDrive no está configurado completamente
2025-09-10 11:15:23 | DatabaseManager | INFO | ✅ Conexión a BD establecida | db_path=/home/camper/Descargas/-prueba-t-cnica-RPA--master/PRUEBA-RPA-main/data/database/productos.db
2025-09-10 11:15:23 | DatabaseManager | INFO | 🗄️  Tabla 'Productos' verificada/creada con índices optimizados
2025-09-10 11:15:23 | OneDriveClient | WARNING | ⚠️ OneDrive no está configurado completamente
2025-09-10 11:19:29 | DatabaseManager | INFO | ✅ Conexión a BD establecida | db_path=/home/camper/Descargas/-prueba-t-cnica-RPA--master/PRUEBA-RPA-main/data/database/productos.db
2025-09-10 11:19:29 | DatabaseManager | INFO | 🗄️  Tabla 'Productos' verificada/creada con índices optimizados
2025-09-10 11:19:29 | OneDriveClient | WARNING | ⚠️ OneDrive no está configurado completamente
2025-09-10 11:19:29 | APIConsumer | INFO | 🚀 PASO 1: Consumo de API - INICIADO
2025-09-10 11:19:29 | APIConsumer | INFO | Consultando API: https://fakestoreapi.com/products
2025-09-10 11:19:29 | APIConsumer | INFO | API CALL SUCCESS: GET https://fakestoreapi.com/products | url=https://fakestoreapi.com/products | method=GET | status_code=200 | response_time_ms=354.14
2025-09-10 11:19:29 | APIConsumer | INFO | ✅ API respondió con 20 productos
2025-09-10 11:19:29 | APIConsumer | INFO | FILE OPERATION SUCCESS: JSON_BACKUP | operation=JSON_BACKUP | filepath=/home/camper/Descargas/-prueba-t-cnica-RPA--master/PRUEBA-RPA-main/data/raw/Productos_2025-09-10.json | file_size_bytes=12643 | success=True
2025-09-10 11:19:29 | APIConsumer | INFO | Procesados 20 de 20 productos
2025-09-10 11:19:29 | APIConsumer | INFO | ✅ PASO 1: Consumo de API - COMPLETADO | productos_obtenidos=20 | archivo_json=/home/camper/Descargas/-prueba-t-cnica-RPA--master/PRUEBA-RPA-main/data/raw/Productos_2025-09-10.json
2025-09-10 11:19:29 | EvidenceManager | INFO | EVIDENCE EVENT: API_CONSUMPTION | success=True | count=20
2025-09-10 11:19:29 | EvidenceManager | INFO | EVIDENCE FILE: JSON_BACKUP | Productos_2025-09-10.json | success=True | exists=True | file_size=12643
2025-09-10 11:19:29 | DatabaseManager | INFO | DB OPERATION: INSERT_PRODUCTS | operation=INSERT_PRODUCTS | table=Productos | records_affected=0 | execution_time_ms=None
2025-09-10 11:19:29 | EvidenceManager | INFO | EVIDENCE EVENT: DATABASE_INSERT | success=True | inserted=0
2025-09-10 11:19:29 | ExcelGenerator | INFO | 🚀 PASO 4: Generación de reporte Excel - INICIADO
2025-09-10 11:19:29 | ExcelGenerator | INFO | FILE OPERATION SUCCESS: EXCEL_GENERATION | operation=EXCEL_GENERATION | filepath=/home/camper/Descargas/-prueba-t-cnica-RPA--master/PRUEBA-RPA-main/reports/Reporte_2025-09-10.xlsx | file_size_bytes=10395 | success=True
2025-09-10 11:19:29 | ExcelGenerator | INFO | ✅ PASO 4: Generación de reporte Excel - COMPLETADO | archivo=/home/camper/Descargas/-prueba-t-cnica-RPA--master/PRUEBA-RPA-main/reports/Reporte_2025-09-10.xlsx | productos=20
2025-09-10 11:19:29 | EvidenceManager | INFO | EVIDENCE FILE: EXCEL_REPORT | Reporte_2025-09-10.xlsx | success=True | exists=True | file_size=10395
2025-09-10 11:19:29 | EvidenceManager | INFO | EVIDENCE EVENT: ONEDRIVE_UPLOAD | success=False | reason=disabled
2025-09-10 11:19:29 | WebAutomator | INFO | 🚀 PASO 6: Envío de formulario web - INICIADO
2025-09-10 11:19:29 | WebAutomator | INFO | 📎 Se adjuntará la última captura: formulario_inicial.png
2025-09-10 11:19:29 | WebAutomator | INFO | Configurando WebDriver...
2025-09-10 11:19:30 | WebAutomator | INFO | ✅ WebDriver configurado exitosamente
2025-09-10 11:19:30 | WebAutomator | INFO | Navegando a: https://docs.google.com/forms/d/e/1FAIpQLSdVQEHNQsSIBN3Tl1bEBJaABs_3Mg4Wv_Wbg1oXnFM7wsrjUA/viewform
2025-09-10 11:19:32 | WebAutomator | INFO | 📸 Screenshot guardado: formulario_inicial.png
2025-09-10 11:19:32 | WebAutomator | INFO | Procesando Google Form...
2025-09-10 11:20:24 | WebAutomator | INFO | ℹ️ Formulario sin campo de archivo; se omite adjuntar y se continúa.
2025-09-10 11:20:24 | WebAutomator | ERROR | Error en Google Form: No se encontró botón de envío
2025-09-10 11:20:24 | WebAutomator | ERROR | Error tomando screenshot: HTTPConnectionPool(host='localhost', port=38973): Max retries exceeded with url: /session/4bdd08cc97375c49cdeee2784246d036/screenshot (Caused by NewConnectionError('<urllib3.connection.HTTPConnection object at 0x710fb1de67d0>: Failed to establish a new connection: [Errno 111] Connection refused'))
2025-09-10 11:20:24 | EvidenceManager | INFO | EVIDENCE EVENT: WEB_FORM | success=False | file=/home/camper/Descargas/-prueba-t-cnica-RPA--master/PRUEBA-RPA-main/reports/Reporte_2025-09-10.xlsx | mode=settings
2025-09-10 11:20:24 | EvidenceManager | INFO | EVIDENCE FILE: SCREENSHOT | Captura de pantalla 2025-09-09 005411.png | success=True | exists=True | file_size=92178
2025-09-10 11:20:24 | EvidenceManager | INFO | EVIDENCE FILE: SCREENSHOT | formulario_inicial.png | success=True | exists=True | file_size=56989
2025-09-10 11:20:24 | EvidenceManager | INFO | EVIDENCE FILE: SCREENSHOT | formulario_login.png | success=True | exists=True | file_size=52607
2025-09-10 11:20:24 | EvidenceManager | INFO | EVIDENCE FILE: SCREENSHOT | formulario_error.png | success=True | exists=True | file_size=64054
2025-09-10 11:20:24 | EvidenceManager | INFO | ✅ Evidencias registradas: /home/camper/Descargas/-prueba-t-cnica-RPA--master/PRUEBA-RPA-main/evidencias/evidencia_2025-09-10_11-20-24.json
2025-09-10 11:20:25 | DatabaseManager | INFO | ✅ Conexión a BD establecida | db_path=/home/camper/Descargas/-prueba-t-cnica-RPA--master/PRUEBA-RPA-main/data/database/productos.db
2025-09-10 11:20:25 | DatabaseManager | INFO | 🗄️  Tabla 'Productos' verificada/creada con índices optimizados
2025-09-10 11:20:25 | OneDriveClient | WARNING | ⚠️ OneDrive no está configurado completamente
2025-09-10 11:20:25 | APIConsumer | INFO | 🚀 PASO 1: Consumo de API - INICIADO
2025-09-10 11:20:25 | APIConsumer | INFO | Consultando API: https://fakestoreapi.com/products
2025-09-10 11:20:25 | APIConsumer | INFO | API CALL SUCCESS: GET https://fakestoreapi.com/products | url=https://fakestoreapi.com/products | method=GET | status_code=200 | response_time_ms=706.24
2025-09-10 11:20:25 | APIConsumer | INFO | ✅ API respondió con 20 productos
2025-09-10 11:20:25 | APIConsumer | INFO | FILE OPERATION SUCCESS: JSON_BACKUP | operation=JSON_BACKUP | filepath=/home/camper/Descargas/-prueba-t-cnica-RPA--master/PRUEBA-RPA-main/data/raw/Productos_2025-09-10.json | file_size_bytes=12643 | success=True
2025-09-10 11:20:25 | APIConsumer | INFO | Procesados 20 de 20 productos
2025-09-10 11:20:25 | APIConsumer | INFO | ✅ PASO 1: Consumo de API - COMPLETADO | productos_obtenidos=20 | archivo_json=/home/camper/Descargas/-prueba-t-cnica-RPA--master/PRUEBA-RPA-main/data/raw/Productos_2025-09-10.json
2025-09-10 11:20:25 | EvidenceManager | INFO | EVIDENCE EVENT: API_CONSUMPTION | success=True | count=20
2025-09-10 11:20:25 | EvidenceManager | INFO | EVIDENCE FILE: JSON_BACKUP | Productos_2025-09-10.json | success=True | exists=True | file_size=12643
2025-09-10 11:20:25 | DatabaseManager | INFO | DB OPERATION: INSERT_PRODUCTS | operation=INSERT_PRODUCTS | table=Productos | records_affected=0 | execution_time_ms=None
2025-09-10 11:20:25 | EvidenceManager | INFO | EVIDENCE EVENT: DATABASE_INSERT | success=True | inserted=0
2025-09-10 11:20:25 | ExcelGenerator | INFO | 🚀 PASO 4: Generación de reporte Excel - INICIADO
2025-09-10 11:20:25 | ExcelGenerator | INFO | FILE OPERATION SUCCESS: EXCEL_GENERATION | operation=EXCEL_GENERATION | filepath=/home/camper/Descargas/-prueba-t-cnica-RPA--master/PRUEBA-RPA-main/reports/Reporte_2025-09-10.xlsx | file_size_bytes=10396 | success=True
2025-09-10 11:20:25 | ExcelGenerator | INFO | ✅ PASO 4: Generación de reporte Excel - COMPLETADO | archivo=/home/camper/Descargas/-prueba-t-cnica-RPA--master/PRUEBA-RPA-main/reports/Reporte_2025-09-10.xlsx | productos=20
2025-09-10 11:20:25 | EvidenceManager | INFO | EVIDENCE FILE: EXCEL_REPORT | Reporte_2025-09-10.xlsx | success=True | exists=True | file_size=10396
2025-09-10 11:20:25 | EvidenceManager | INFO | EVIDENCE EVENT: ONEDRIVE_UPLOAD | success=False | reason=disabled
2025-09-10 11:20:25 | WebAutomator | INFO | 🚀 PASO 6: Envío de formulario web - INICIADO
2025-09-10 11:20:25 | WebAutomator | INFO | 📎 Se adjuntará la última captura: formulario_inicial.png
2025-09-10 11:20:25 | WebAutomator | INFO | Configurando WebDriver...
2025-09-10 11:20:27 | WebAutomator | INFO | ✅ WebDriver configurado exitosamente
2025-09-10 11:20:27 | WebAutomator | INFO | Navegando a: https://docs.google.com/forms/d/e/1FAIpQLSdVQEHNQsSIBN3Tl1bEBJaABs_3Mg4Wv_Wbg1oXnFM7wsrjUA/viewform
2025-09-10 11:20:29 | WebAutomator | INFO | 📸 Screenshot guardado: formulario_inicial.png
2025-09-10 11:20:29 | WebAutomator | INFO | Procesando Google Form...
2025-09-10 11:21:22 | WebAutomator | INFO | ℹ️ Formulario sin campo de archivo; se omite adjuntar y se continúa.
2025-09-10 11:22:52 | WebAutomator | ERROR | Error en Google Form: No se encontró botón de envío
2025-09-10 11:22:52 | WebAutomator | INFO | 📸 Screenshot guardado: formulario_error.png
2025-09-10 11:22:52 | EvidenceManager | INFO | EVIDENCE EVENT: WEB_FORM | success=False | file=/home/camper/Descargas/-prueba-t-cnica-RPA--master/PRUEBA-RPA-main/reports/Reporte_2025-09-10.xlsx | mode=settings
2025-09-10 11:22:52 | EvidenceManager | INFO | EVIDENCE FILE: SCREENSHOT | Captura de pantalla 2025-09-09 005411.png | success=True | exists=True | file_size=92178
2025-09-10 11:22:52 | EvidenceManager | INFO | EVIDENCE FILE: SCREENSHOT | formulario_inicial.png | success=True | exists=True | file_size=56989
2025-09-10 11:22:52 | EvidenceManager | INFO | EVIDENCE FILE: SCREENSHOT | formulario_login.png | success=True | exists=True | file_size=52607
2025-09-10 11:22:52 | EvidenceManager | INFO | EVIDENCE FILE: SCREENSHOT | formulario_error.png | success=True | exists=True | file_size=59684
2025-09-10 11:22:52 | EvidenceManager | INFO | ✅ Evidencias registradas: /home/camper/Descargas/-prueba-t-cnica-RPA--master/PRUEBA-RPA-main/evidencias/evidencia_2025-09-10_11-22-52.json
2025-09-10 11:24:44 | DatabaseManager | INFO | ✅ Conexión a BD establecida | db_path=/home/camper/Descargas/-prueba-t-cnica-RPA--master/PRUEBA-RPA-main/data/database/productos.db
2025-09-10 11:24:44 | DatabaseManager | INFO | 🗄️  Tabla 'Productos' verificada/creada con índices optimizados
2025-09-10 11:24:44 | OneDriveClient | WARNING | ⚠️ OneDrive no está configurado completamente
2025-09-10 11:24:44 | APIConsumer | INFO | 🚀 PASO 1: Consumo de API - INICIADO
2025-09-10 11:24:44 | APIConsumer | INFO | Consultando API: https://fakestoreapi.com/products
2025-09-10 11:24:45 | APIConsumer | INFO | API CALL SUCCESS: GET https://fakestoreapi.com/products | url=https://fakestoreapi.com/products | method=GET | status_code=200 | response_time_ms=465.06
2025-09-10 11:24:45 | APIConsumer | INFO | ✅ API respondió con 20 productos
2025-09-10 11:24:45 | APIConsumer | INFO | FILE OPERATION SUCCESS: JSON_BACKUP | operation=JSON_BACKUP | filepath=/home/camper/Descargas/-prueba-t-cnica-RPA--master/PRUEBA-RPA-main/data/raw/Productos_2025-09-10.json | file_size_bytes=12643 | success=True
2025-09-10 11:24:45 | APIConsumer | INFO | Procesados 20 de 20 productos
2025-09-10 11:24:45 | APIConsumer | INFO | ✅ PASO 1: Consumo de API - COMPLETADO | productos_obtenidos=20 | archivo_json=/home/camper/Descargas/-prueba-t-cnica-RPA--master/PRUEBA-RPA-main/data/raw/Productos_2025-09-10.json
2025-09-10 11:24:45 | EvidenceManager | INFO | EVIDENCE EVENT: API_CONSUMPTION | success=True | count=20
2025-09-10 11:24:45 | EvidenceManager | INFO | EVIDENCE FILE: JSON_BACKUP | Productos_2025-09-10.json | success=True | exists=True | file_size=12643
2025-09-10 11:24:45 | DatabaseManager | INFO | DB OPERATION: INSERT_PRODUCTS | operation=INSERT_PRODUCTS | table=Productos | records_affected=0 | execution_time_ms=None
2025-09-10 11:24:45 | EvidenceManager | INFO | EVIDENCE EVENT: DATABASE_INSERT | success=True | inserted=0
2025-09-10 11:24:45 | ExcelGenerator | INFO | 🚀 PASO 4: Generación de reporte Excel - INICIADO
2025-09-10 11:24:45 | ExcelGenerator | INFO | FILE OPERATION SUCCESS: EXCEL_GENERATION | operation=EXCEL_GENERATION | filepath=/home/camper/Descargas/-prueba-t-cnica-RPA--master/PRUEBA-RPA-main/reports/Reporte_2025-09-10.xlsx | file_size_bytes=10396 | success=True
2025-09-10 11:24:45 | ExcelGenerator | INFO | ✅ PASO 4: Generación de reporte Excel - COMPLETADO | archivo=/home/camper/Descargas/-prueba-t-cnica-RPA--master/PRUEBA-RPA-main/reports/Reporte_2025-09-10.xlsx | productos=20
2025-09-10 11:24:45 | EvidenceManager | INFO | EVIDENCE FILE: EXCEL_REPORT | Reporte_2025-09-10.xlsx | success=True | exists=True | file_size=10396
2025-09-10 11:24:45 | EvidenceManager | INFO | EVIDENCE EVENT: ONEDRIVE_UPLOAD | success=False | reason=disabled
2025-09-10 11:24:45 | WebAutomator | INFO | 🚀 PASO 6: Envío de formulario web - INICIADO
2025-09-10 11:24:45 | WebAutomator | INFO | 📎 Se adjuntará la última captura: formulario_error.png
2025-09-10 11:24:45 | WebAutomator | INFO | Configurando WebDriver...
2025-09-10 11:24:46 | WebAutomator | INFO | ✅ WebDriver configurado exitosamente
2025-09-10 11:24:46 | WebAutomator | INFO | Navegando a: https://docs.google.com/forms/d/e/1FAIpQLSdVQEHNQsSIBN3Tl1bEBJaABs_3Mg4Wv_Wbg1oXnFM7wsrjUA/viewform
2025-09-10 11:24:48 | WebAutomator | INFO | 📸 Screenshot guardado: formulario_inicial.png
2025-09-10 11:24:48 | WebAutomator | INFO | Procesando Google Form...
2025-09-10 11:24:54 | WebAutomator | INFO | ℹ️ Formulario sin campo de archivo; se omite adjuntar y se continúa.
2025-09-10 11:24:54 | WebAutomator | ERROR | Error en Google Form: No se encontró botón de envío
2025-09-10 11:24:54 | WebAutomator | ERROR | Error tomando screenshot: HTTPConnectionPool(host='localhost', port=33825): Max retries exceeded with url: /session/1886b31304adc1eef2629332e531db3b/screenshot (Caused by NewConnectionError('<urllib3.connection.HTTPConnection object at 0x7eb3844eb2e0>: Failed to establish a new connection: [Errno 111] Connection refused'))
2025-09-10 11:24:54 | EvidenceManager | INFO | EVIDENCE EVENT: WEB_FORM | success=False | file=/home/camper/Descargas/-prueba-t-cnica-RPA--master/PRUEBA-RPA-main/reports/Reporte_2025-09-10.xlsx | mode=settings
2025-09-10 11:24:54 | EvidenceManager | INFO | EVIDENCE FILE: SCREENSHOT | Captura de pantalla 2025-09-09 005411.png | success=True | exists=True | file_size=92178
2025-09-10 11:24:54 | EvidenceManager | INFO | EVIDENCE FILE: SCREENSHOT | formulario_inicial.png | success=True | exists=True | file_size=56989
2025-09-10 11:24:54 | EvidenceManager | INFO | EVIDENCE FILE: SCREENSHOT | formulario_login.png | success=True | exists=True | file_size=52607
2025-09-10 11:24:54 | EvidenceManager | INFO | EVIDENCE FILE: SCREENSHOT | formulario_error.png | success=True | exists=True | file_size=59684
2025-09-10 11:24:54 | EvidenceManager | INFO | ✅ Evidencias registradas: /home/camper/Descargas/-prueba-t-cnica-RPA--master/PRUEBA-RPA-main/evidencias/evidencia_2025-09-10_11-24-54.json
